initial: 20 4 3
missing number: 30
dominants:
0: 19 19 13 0 
1: 19 19 19 8 
2: 19 19 19 19 
3: 19 19 16 19 
4: 15 19 19 12 
5: 19 19 17 19 
6: 10 12 19 8 
7: 15 12 19 15 
8: 19 15 19 19 
9: 19 19 19 15 
10: 19 19 19 12 
11: 19 10 13 3 
12: 15 19 19 15 
13: 19 19 11 8 
14: 15 19 19 8 
15: 19 19 16 8 
16: 19 15 10 12 
17: 19 19 16 1 
18: 19 16 19 12 
19: 11 15 19 3 

maxscore:
0 8 19 16 12 17 8 12 15 15 12 3 15 8 8 8 10 1 12 3 
--------------For priority queue----------------
2 3 5 8 9 12 6 7 18 4 10 11 0 13 14 15 16 17 1 19 
dequeue: 2
score[2]: 0
dequeue: 5
score[5]: 0
dequeue: 3
score[3]: 0
dequeue: 8
score[8]: 0
dequeue: 9
score[9]: 0
dequeue: 7
score[7]: 0
dequeue: 18
score[18]: 0
dequeue: 16
score[16]: 0
dequeue: 13
score[13]: 0
dequeue: 14
score[14]: 0
dequeue: 10
score[10]: 0
dequeue: 4
score[4]: 0
dequeue: 15
score[15]: 0
dequeue: 1
score[1]: 0
dequeue: 6
score[6]: 0
dequeue: 12
score[12]: 0
dequeue: 11
score[11]: 0
dequeue: 19
score[19]: 0
dequeue: 17
score[17]: 0
dequeue: 0
score[0]: 0

2 5 3 
